2025-03-30 12:27:56,093 INFO: Distance to 67d8bd59e1e87186825776c9: 0.6503346133492018 [in E:\face-recognition-attendance-system\face-recognition\face_recognition_server.py:248]
2025-03-30 12:27:56,229 INFO: Checking student 67dc326e9369f1d18cad28df (Asutosh Parida) with 1 encodings [in E:\face-recognition-attendance-system\face-recognition\face_recognition_server.py:243]
2025-03-30 12:27:56,239 INFO: Distance to 67dc326e9369f1d18cad28df: 0.3724156926628041 [in E:\face-recognition-attendance-system\face-recognition\face_recognition_server.py:248]
2025-03-30 12:27:56,243 INFO: Checking student 67dc33cf583c2f36f5fe87fd (akash) with 1 encodings [in E:\face-recognition-attendance-system\face-recognition\face_recognition_server.py:243]
2025-03-30 12:27:56,276 INFO: Distance to 67dc33cf583c2f36f5fe87fd: 0.7424638926549139 [in E:\face-recognition-attendance-system\face-recognition\face_recognition_server.py:248]
2025-03-30 12:27:56,277 INFO: Checking student 67dd0fd84530f33a9ad47f78 (ananya) with 1 encodings [in E:\face-recognition-attendance-system\face-recognition\face_recognition_server.py:243]
2025-03-30 12:27:56,289 INFO: Distance to 67dd0fd84530f33a9ad47f78: 0.6795266936338616 [in E:\face-recognition-attendance-system\face-recognition\face_recognition_server.py:248]
2025-03-30 12:27:56,293 INFO: Checking student 67dd11044530f33a9ad47ff3 (suraj) with 1 encodings [in E:\face-recognition-attendance-system\face-recognition\face_recognition_server.py:243]
2025-03-30 12:27:56,294 INFO: Distance to 67dd11044530f33a9ad47ff3: 0.668554691783883 [in E:\face-recognition-attendance-system\face-recognition\face_recognition_server.py:248]
2025-03-30 12:27:56,295 INFO: Checking student 67e01ed87b755dfa9de6765f (santosh) with 1 encodings [in E:\face-recognition-attendance-system\face-recognition\face_recognition_server.py:243]
2025-03-30 12:27:56,309 INFO: Distance to 67e01ed87b755dfa9de6765f: 0.7468677045603094 [in E:\face-recognition-attendance-system\face-recognition\face_recognition_server.py:248]
2025-03-30 12:27:56,310 INFO: Checking student 67e12ddcde6cb4f3411156e9 (Asutosh Parida) with 1 encodings [in E:\face-recognition-attendance-system\face-recognition\face_recognition_server.py:243]
2025-03-30 12:27:56,328 INFO: Distance to 67e12ddcde6cb4f3411156e9: 0.369726054768931 [in E:\face-recognition-attendance-system\face-recognition\face_recognition_server.py:248]
2025-03-30 12:27:56,329 INFO: Checking student 67e12df9de6cb4f3411156f1 (suraj) with 1 encodings [in E:\face-recognition-attendance-system\face-recognition\face_recognition_server.py:243]
2025-03-30 12:27:56,343 INFO: Distance to 67e12df9de6cb4f3411156f1: 0.6369526708779588 [in E:\face-recognition-attendance-system\face-recognition\face_recognition_server.py:248]
2025-03-30 12:27:56,345 INFO: Checking student 67e12e3bde6cb4f34111570f (sujal) with 1 encodings [in E:\face-recognition-attendance-system\face-recognition\face_recognition_server.py:243]
2025-03-30 12:27:56,359 INFO: Distance to 67e12e3bde6cb4f34111570f: 0.6578370592941247 [in E:\face-recognition-attendance-system\face-recognition\face_recognition_server.py:248]
2025-03-30 12:27:56,369 INFO: Checking student 67e628eb35efd4b967eb4f34 (kamlesh) with 1 encodings [in E:\face-recognition-attendance-system\face-recognition\face_recognition_server.py:243]
2025-03-30 12:27:56,377 INFO: Distance to 67e628eb35efd4b967eb4f34: 0.6896525130503206 [in E:\face-recognition-attendance-system\face-recognition\face_recognition_server.py:248]
2025-03-30 12:27:56,390 INFO: Checking student 67e63a3d35efd4b967eb5062 (ashisp52335) with 1 encodings [in E:\face-recognition-attendance-system\face-recognition\face_recognition_server.py:243]
2025-03-30 12:27:56,394 INFO: Distance to 67e63a3d35efd4b967eb5062: 0.5586830284424553 [in E:\face-recognition-attendance-system\face-recognition\face_recognition_server.py:248]
2025-03-30 12:27:56,402 INFO: Checking student 67e63b3835efd4b967eb5095 (swarna maam) with 1 encodings [in E:\face-recognition-attendance-system\face-recognition\face_recognition_server.py:243]
2025-03-30 12:27:56,425 INFO: Distance to 67e63b3835efd4b967eb5095: 0.744422850617794 [in E:\face-recognition-attendance-system\face-recognition\face_recognition_server.py:248]
2025-03-30 12:27:56,428 INFO: Checking student 67e8ea27bab1195884f3d3b4 (Ashu ) with 1 encodings [in E:\face-recognition-attendance-system\face-recognition\face_recognition_server.py:243]
2025-03-30 12:27:56,445 INFO: Distance to 67e8ea27bab1195884f3d3b4: 0.2900900734659869 [in E:\face-recognition-attendance-system\face-recognition\face_recognition_server.py:248]
2025-03-30 12:27:56,455 INFO: Checking student 67e8eafebab1195884f3d3e6 (OMM) with 1 encodings [in E:\face-recognition-attendance-system\face-recognition\face_recognition_server.py:243]
2025-03-30 12:27:56,460 INFO: Distance to 67e8eafebab1195884f3d3e6: 0.395833540141626 [in E:\face-recognition-attendance-system\face-recognition\face_recognition_server.py:248]
2025-03-30 12:27:56,461 INFO: Checking student 67e8eb55bab1195884f3d40c (Shiv ) with 1 encodings [in E:\face-recognition-attendance-system\face-recognition\face_recognition_server.py:243]
2025-03-30 12:27:56,477 INFO: Distance to 67e8eb55bab1195884f3d40c: 0.1737133586918958 [in E:\face-recognition-attendance-system\face-recognition\face_recognition_server.py:248]
2025-03-30 12:27:56,487 INFO: Removed temporary image: uploads\temp\temp_1743317871.jpg [in E:\face-recognition-attendance-system\face-recognition\face_recognition_server.py:262]
2025-03-30 12:27:56,492 INFO: Face recognized as Shiv  with confidence 0.8262866413081043 [in E:\face-recognition-attendance-system\face-recognition\face_recognition_server.py:265]
2025-03-30 12:27:58,925 INFO: Status request: {'status': 'online', 'registered_students': 20, 'total_faces': 20, 'face_match_tolerance': 0.6} [in E:\face-recognition-attendance-system\face-recognition\face_recognition_server.py:354]
2025-03-30 12:27:59,014 INFO: Received recognition request [in E:\face-recognition-attendance-system\face-recognition\face_recognition_server.py:193]
2025-03-30 12:27:59,028 INFO: Saved image to uploads\temp\temp_1743317879.jpg [in E:\face-recognition-attendance-system\face-recognition\face_recognition_server.py:212]
2025-03-30 12:27:59,029 INFO: Processing image: uploads\temp\temp_1743317879.jpg [in E:\face-recognition-attendance-system\face-recognition\face_recognition_server.py:83]
2025-03-30 12:27:59,193 INFO: Image loaded, shape: (480, 640, 3) [in E:\face-recognition-attendance-system\face-recognition\face_recognition_server.py:89]
2025-03-30 12:28:03,239 INFO: Successfully extracted face encoding [in E:\face-recognition-attendance-system\face-recognition\face_recognition_server.py:113]
2025-03-30 12:28:03,245 INFO: Matching against 20 student records [in E:\face-recognition-attendance-system\face-recognition\face_recognition_server.py:241]
2025-03-30 12:28:03,247 INFO: Checking student 67d8a48a4b7fe702c9a00fb4 (swagat) with 1 encodings [in E:\face-recognition-attendance-system\face-recognition\face_recognition_server.py:243]
2025-03-30 12:28:03,259 INFO: Distance to 67d8a48a4b7fe702c9a00fb4: 0.6874057010872833 [in E:\face-recognition-attendance-system\face-recognition\face_recognition_server.py:248]
2025-03-30 12:28:03,261 INFO: Checking student 67d8a4c44b7fe702c9a00fe4 (pabitra) with 1 encodings [in E:\face-recognition-attendance-system\face-recognition\face_recognition_server.py:243]
2025-03-30 12:28:03,263 INFO: Distance to 67d8a4c44b7fe702c9a00fe4: 0.6852177106012785 [in E:\face-recognition-attendance-system\face-recognition\face_recognition_server.py:248]
2025-03-30 12:28:03,281 INFO: Checking student 67d8abce4b7fe702c9a01042 (Aniket Subudhi) with 1 encodings [in E:\face-recognition-attendance-system\face-recognition\face_recognition_server.py:243]
2025-03-30 12:28:03,293 INFO: Distance to 67d8abce4b7fe702c9a01042: 0.705059946705795 [in E:\face-recognition-attendance-system\face-recognition\face_recognition_server.py:248]
2025-03-30 12:28:03,297 INFO: Checking student 67d8ac464b7fe702c9a010d5 (pabitra) with 1 encodings [in E:\face-recognition-attendance-system\face-recognition\face_recognition_server.py:243]
2025-03-30 12:28:03,345 INFO: Distance to 67d8ac464b7fe702c9a010d5: 0.652285861979128 [in E:\face-recognition-attendance-system\face-recognition\face_recognition_server.py:248]
2025-03-30 12:28:03,346 INFO: Checking student 67d8bd41e1e87186825776c1 (Aniket Subudhi) with 1 encodings [in E:\face-recognition-attendance-system\face-recognition\face_recognition_server.py:243]
2025-03-30 12:28:03,348 INFO: Distance to 67d8bd41e1e87186825776c1: 0.6670656789679283 [in E:\face-recognition-attendance-system\face-recognition\face_recognition_server.py:248]
2025-03-30 12:28:03,348 INFO: Checking student 67d8bd59e1e87186825776c9 (pabitra) with 1 encodings [in E:\face-recognition-attendance-system\face-recognition\face_recognition_server.py:243]
2025-03-30 12:28:03,359 INFO: Distance to 67d8bd59e1e87186825776c9: 0.6451885729976473 [in E:\face-recognition-attendance-system\face-recognition\face_recognition_server.py:248]
2025-03-30 12:28:03,362 INFO: Checking student 67dc326e9369f1d18cad28df (Asutosh Parida) with 1 encodings [in E:\face-recognition-attendance-system\face-recognition\face_recognition_server.py:243]
2025-03-30 12:28:03,365 INFO: Distance to 67dc326e9369f1d18cad28df: 0.3600311047844361 [in E:\face-recognition-attendance-system\face-recognition\face_recognition_server.py:248]
2025-03-30 12:28:03,380 INFO: Checking student 67dc33cf583c2f36f5fe87fd (akash) with 1 encodings [in E:\face-recognition-attendance-system\face-recognition\face_recognition_server.py:243]
2025-03-30 12:28:03,397 INFO: Distance to 67dc33cf583c2f36f5fe87fd: 0.7275030231720404 [in E:\face-recognition-attendance-system\face-recognition\face_recognition_server.py:248]
2025-03-30 12:28:03,399 INFO: Checking student 67dd0fd84530f33a9ad47f78 (ananya) with 1 encodings [in E:\face-recognition-attendance-system\face-recognition\face_recognition_server.py:243]
2025-03-30 12:28:03,409 INFO: Distance to 67dd0fd84530f33a9ad47f78: 0.6805691825919135 [in E:\face-recognition-attendance-system\face-recognition\face_recognition_server.py:248]
2025-03-30 12:28:03,411 INFO: Checking student 67dd11044530f33a9ad47ff3 (suraj) with 1 encodings [in E:\face-recognition-attendance-system\face-recognition\face_recognition_server.py:243]
2025-03-30 12:28:03,413 INFO: Distance to 67dd11044530f33a9ad47ff3: 0.6498949786942293 [in E:\face-recognition-attendance-system\face-recognition\face_recognition_server.py:248]
2025-03-30 12:28:03,415 INFO: Checking student 67e01ed87b755dfa9de6765f (santosh) with 1 encodings [in E:\face-recognition-attendance-system\face-recognition\face_recognition_server.py:243]
2025-03-30 12:28:03,430 INFO: Distance to 67e01ed87b755dfa9de6765f: 0.7453112892042292 [in E:\face-recognition-attendance-system\face-recognition\face_recognition_server.py:248]
2025-03-30 12:28:03,449 INFO: Checking student 67e12ddcde6cb4f3411156e9 (Asutosh Parida) with 1 encodings [in E:\face-recognition-attendance-system\face-recognition\face_recognition_server.py:243]
2025-03-30 12:28:03,474 INFO: Distance to 67e12ddcde6cb4f3411156e9: 0.35378230175485226 [in E:\face-recognition-attendance-system\face-recognition\face_recognition_server.py:248]
2025-03-30 12:28:03,477 INFO: Checking student 67e12df9de6cb4f3411156f1 (suraj) with 1 encodings [in E:\face-recognition-attendance-system\face-recognition\face_recognition_server.py:243]
2025-03-30 12:28:03,479 INFO: Distance to 67e12df9de6cb4f3411156f1: 0.624440892766795 [in E:\face-recognition-attendance-system\face-recognition\face_recognition_server.py:248]
2025-03-30 12:28:03,481 INFO: Checking student 67e12e3bde6cb4f34111570f (sujal) with 1 encodings [in E:\face-recognition-attendance-system\face-recognition\face_recognition_server.py:243]
2025-03-30 12:28:03,495 INFO: Distance to 67e12e3bde6cb4f34111570f: 0.6262094470604175 [in E:\face-recognition-attendance-system\face-recognition\face_recognition_server.py:248]
2025-03-30 12:28:03,497 INFO: Checking student 67e628eb35efd4b967eb4f34 (kamlesh) with 1 encodings [in E:\face-recognition-attendance-system\face-recognition\face_recognition_server.py:243]
2025-03-30 12:28:03,509 INFO: Distance to 67e628eb35efd4b967eb4f34: 0.673790368907199 [in E:\face-recognition-attendance-system\face-recognition\face_recognition_server.py:248]
2025-03-30 12:28:03,511 INFO: Checking student 67e63a3d35efd4b967eb5062 (ashisp52335) with 1 encodings [in E:\face-recognition-attendance-system\face-recognition\face_recognition_server.py:243]
2025-03-30 12:28:03,524 INFO: Distance to 67e63a3d35efd4b967eb5062: 0.5446375237841702 [in E:\face-recognition-attendance-system\face-recognition\face_recognition_server.py:248]
2025-03-30 12:28:03,528 INFO: Checking student 67e63b3835efd4b967eb5095 (swarna maam) with 1 encodings [in E:\face-recognition-attendance-system\face-recognition\face_recognition_server.py:243]
2025-03-30 12:28:03,540 INFO: Distance to 67e63b3835efd4b967eb5095: 0.7375576902529934 [in E:\face-recognition-attendance-system\face-recognition\face_recognition_server.py:248]
2025-03-30 12:28:03,545 INFO: Checking student 67e8ea27bab1195884f3d3b4 (Ashu ) with 1 encodings [in E:\face-recognition-attendance-system\face-recognition\face_recognition_server.py:243]
2025-03-30 12:28:03,549 INFO: Distance to 67e8ea27bab1195884f3d3b4: 0.2818675612801789 [in E:\face-recognition-attendance-system\face-recognition\face_recognition_server.py:248]
2025-03-30 12:28:03,557 INFO: Checking student 67e8eafebab1195884f3d3e6 (OMM) with 1 encodings [in E:\face-recognition-attendance-system\face-recognition\face_recognition_server.py:243]
2025-03-30 12:28:03,745 INFO: Distance to 67e8eafebab1195884f3d3e6: 0.3650986411792867 [in E:\face-recognition-attendance-system\face-recognition\face_recognition_server.py:248]
2025-03-30 12:28:03,890 INFO: Checking student 67e8eb55bab1195884f3d40c (Shiv ) with 1 encodings [in E:\face-recognition-attendance-system\face-recognition\face_recognition_server.py:243]
2025-03-30 12:28:03,930 INFO: Distance to 67e8eb55bab1195884f3d40c: 0.1615082120525234 [in E:\face-recognition-attendance-system\face-recognition\face_recognition_server.py:248]
2025-03-30 12:28:03,946 INFO: Removed temporary image: uploads\temp\temp_1743317879.jpg [in E:\face-recognition-attendance-system\face-recognition\face_recognition_server.py:262]
2025-03-30 12:28:03,948 INFO: Face recognized as Shiv  with confidence 0.8384917879474766 [in E:\face-recognition-attendance-system\face-recognition\face_recognition_server.py:265]
2025-03-31 01:34:21,136 INFO: Loaded 20 face encodings [in E:\face-recognition-attendance-system\face-recognition\face_recognition_server.py:58]
2025-03-31 01:34:21,145 INFO: === Face Recognition Server Starting === [in E:\face-recognition-attendance-system\face-recognition\face_recognition_server.py:371]
2025-03-31 01:34:21,147 INFO: UPLOAD_FOLDER: uploads [in E:\face-recognition-attendance-system\face-recognition\face_recognition_server.py:372]
2025-03-31 01:34:21,148 INFO: FACES_FOLDER: uploads\faces [in E:\face-recognition-attendance-system\face-recognition\face_recognition_server.py:373]
2025-03-31 01:34:21,151 INFO: TEMP_FOLDER: uploads\temp [in E:\face-recognition-attendance-system\face-recognition\face_recognition_server.py:374]
2025-03-31 01:34:21,154 INFO: FACE_MATCH_TOLERANCE: 0.6 [in E:\face-recognition-attendance-system\face-recognition\face_recognition_server.py:375]
2025-03-31 01:37:20,461 INFO: Received registration request [in E:\face-recognition-attendance-system\face-recognition\face_recognition_server.py:124]
2025-03-31 01:37:20,472 INFO: Processing registration for student: SURAJ MOHANTY (ID: 67e9a478f8e964c7d58af123) [in E:\face-recognition-attendance-system\face-recognition\face_recognition_server.py:142]
2025-03-31 01:37:20,516 INFO: Saved image to uploads\faces\67e9a478f8e964c7d58af123_1743365240.jpg [in E:\face-recognition-attendance-system\face-recognition\face_recognition_server.py:152]
2025-03-31 01:37:20,522 INFO: Processing image: uploads\faces\67e9a478f8e964c7d58af123_1743365240.jpg [in E:\face-recognition-attendance-system\face-recognition\face_recognition_server.py:83]
2025-03-31 01:37:21,168 INFO: Image loaded, shape: (480, 640, 3) [in E:\face-recognition-attendance-system\face-recognition\face_recognition_server.py:89]
2025-03-31 01:37:22,870 INFO: Successfully extracted face encoding [in E:\face-recognition-attendance-system\face-recognition\face_recognition_server.py:113]
2025-03-31 01:37:22,871 INFO: Created new student entry with encoding for 67e9a478f8e964c7d58af123 [in E:\face-recognition-attendance-system\face-recognition\face_recognition_server.py:175]
2025-03-31 01:37:22,876 INFO: Saved 21 face encodings [in E:\face-recognition-attendance-system\face-recognition\face_recognition_server.py:72]
2025-03-31 01:37:35,285 INFO: Status request: {'status': 'online', 'registered_students': 21, 'total_faces': 21, 'face_match_tolerance': 0.6} [in E:\face-recognition-attendance-system\face-recognition\face_recognition_server.py:354]
2025-03-31 01:37:35,338 INFO: Received recognition request [in E:\face-recognition-attendance-system\face-recognition\face_recognition_server.py:193]
2025-03-31 01:37:35,413 INFO: Saved image to uploads\temp\temp_1743365255.jpg [in E:\face-recognition-attendance-system\face-recognition\face_recognition_server.py:212]
2025-03-31 01:37:35,415 INFO: Processing image: uploads\temp\temp_1743365255.jpg [in E:\face-recognition-attendance-system\face-recognition\face_recognition_server.py:83]
2025-03-31 01:37:35,448 INFO: Image loaded, shape: (480, 640, 3) [in E:\face-recognition-attendance-system\face-recognition\face_recognition_server.py:89]
2025-03-31 01:37:37,183 INFO: Successfully extracted face encoding [in E:\face-recognition-attendance-system\face-recognition\face_recognition_server.py:113]
2025-03-31 01:37:37,184 INFO: Matching against 21 student records [in E:\face-recognition-attendance-system\face-recognition\face_recognition_server.py:241]
2025-03-31 01:37:37,185 INFO: Checking student 67d8a48a4b7fe702c9a00fb4 (swagat) with 1 encodings [in E:\face-recognition-attendance-system\face-recognition\face_recognition_server.py:243]
2025-03-31 01:37:37,195 INFO: Distance to 67d8a48a4b7fe702c9a00fb4: 0.625452932010525 [in E:\face-recognition-attendance-system\face-recognition\face_recognition_server.py:248]
2025-03-31 01:37:37,197 INFO: Checking student 67d8a4c44b7fe702c9a00fe4 (pabitra) with 1 encodings [in E:\face-recognition-attendance-system\face-recognition\face_recognition_server.py:243]
2025-03-31 01:37:37,203 INFO: Distance to 67d8a4c44b7fe702c9a00fe4: 0.651628465390368 [in E:\face-recognition-attendance-system\face-recognition\face_recognition_server.py:248]
2025-03-31 01:37:37,205 INFO: Checking student 67d8abce4b7fe702c9a01042 (Aniket Subudhi) with 1 encodings [in E:\face-recognition-attendance-system\face-recognition\face_recognition_server.py:243]
2025-03-31 01:37:37,215 INFO: Distance to 67d8abce4b7fe702c9a01042: 0.6540874785442267 [in E:\face-recognition-attendance-system\face-recognition\face_recognition_server.py:248]
2025-03-31 01:37:37,216 INFO: Checking student 67d8ac464b7fe702c9a010d5 (pabitra) with 1 encodings [in E:\face-recognition-attendance-system\face-recognition\face_recognition_server.py:243]
2025-03-31 01:37:37,218 INFO: Distance to 67d8ac464b7fe702c9a010d5: 0.6282306901474388 [in E:\face-recognition-attendance-system\face-recognition\face_recognition_server.py:248]
2025-03-31 01:37:37,220 INFO: Checking student 67d8bd41e1e87186825776c1 (Aniket Subudhi) with 1 encodings [in E:\face-recognition-attendance-system\face-recognition\face_recognition_server.py:243]
2025-03-31 01:37:37,232 INFO: Distance to 67d8bd41e1e87186825776c1: 0.6307237724345577 [in E:\face-recognition-attendance-system\face-recognition\face_recognition_server.py:248]
2025-03-31 01:37:37,234 INFO: Checking student 67d8bd59e1e87186825776c9 (pabitra) with 1 encodings [in E:\face-recognition-attendance-system\face-recognition\face_recognition_server.py:243]
2025-03-31 01:37:37,235 INFO: Distance to 67d8bd59e1e87186825776c9: 0.6254587083735299 [in E:\face-recognition-attendance-system\face-recognition\face_recognition_server.py:248]
2025-03-31 01:37:37,238 INFO: Checking student 67dc326e9369f1d18cad28df (Asutosh Parida) with 1 encodings [in E:\face-recognition-attendance-system\face-recognition\face_recognition_server.py:243]
2025-03-31 01:37:37,294 INFO: Distance to 67dc326e9369f1d18cad28df: 0.38019535711319813 [in E:\face-recognition-attendance-system\face-recognition\face_recognition_server.py:248]
2025-03-31 01:37:37,295 INFO: Checking student 67dc33cf583c2f36f5fe87fd (akash) with 1 encodings [in E:\face-recognition-attendance-system\face-recognition\face_recognition_server.py:243]
2025-03-31 01:37:37,297 INFO: Distance to 67dc33cf583c2f36f5fe87fd: 0.6613729762473552 [in E:\face-recognition-attendance-system\face-recognition\face_recognition_server.py:248]
2025-03-31 01:37:37,298 INFO: Checking student 67dd0fd84530f33a9ad47f78 (ananya) with 1 encodings [in E:\face-recognition-attendance-system\face-recognition\face_recognition_server.py:243]
2025-03-31 01:37:37,300 INFO: Distance to 67dd0fd84530f33a9ad47f78: 0.6915503554391128 [in E:\face-recognition-attendance-system\face-recognition\face_recognition_server.py:248]
2025-03-31 01:37:37,303 INFO: Checking student 67dd11044530f33a9ad47ff3 (suraj) with 1 encodings [in E:\face-recognition-attendance-system\face-recognition\face_recognition_server.py:243]
2025-03-31 01:37:37,305 INFO: Distance to 67dd11044530f33a9ad47ff3: 0.6183988713685199 [in E:\face-recognition-attendance-system\face-recognition\face_recognition_server.py:248]
2025-03-31 01:37:37,318 INFO: Checking student 67e01ed87b755dfa9de6765f (santosh) with 1 encodings [in E:\face-recognition-attendance-system\face-recognition\face_recognition_server.py:243]
2025-03-31 01:37:37,320 INFO: Distance to 67e01ed87b755dfa9de6765f: 0.7056343757836454 [in E:\face-recognition-attendance-system\face-recognition\face_recognition_server.py:248]
2025-03-31 01:37:37,321 INFO: Checking student 67e12ddcde6cb4f3411156e9 (Asutosh Parida) with 1 encodings [in E:\face-recognition-attendance-system\face-recognition\face_recognition_server.py:243]
2025-03-31 01:37:37,329 INFO: Distance to 67e12ddcde6cb4f3411156e9: 0.3490308651362017 [in E:\face-recognition-attendance-system\face-recognition\face_recognition_server.py:248]
2025-03-31 01:37:37,330 INFO: Checking student 67e12df9de6cb4f3411156f1 (suraj) with 1 encodings [in E:\face-recognition-attendance-system\face-recognition\face_recognition_server.py:243]
2025-03-31 01:37:37,332 INFO: Distance to 67e12df9de6cb4f3411156f1: 0.5261688402078387 [in E:\face-recognition-attendance-system\face-recognition\face_recognition_server.py:248]
2025-03-31 01:37:37,333 INFO: Checking student 67e12e3bde6cb4f34111570f (sujal) with 1 encodings [in E:\face-recognition-attendance-system\face-recognition\face_recognition_server.py:243]
2025-03-31 01:37:37,336 INFO: Distance to 67e12e3bde6cb4f34111570f: 0.5411372374181481 [in E:\face-recognition-attendance-system\face-recognition\face_recognition_server.py:248]
2025-03-31 01:37:37,337 INFO: Checking student 67e628eb35efd4b967eb4f34 (kamlesh) with 1 encodings [in E:\face-recognition-attendance-system\face-recognition\face_recognition_server.py:243]
2025-03-31 01:37:37,350 INFO: Distance to 67e628eb35efd4b967eb4f34: 0.6610758133770102 [in E:\face-recognition-attendance-system\face-recognition\face_recognition_server.py:248]
2025-03-31 01:37:37,352 INFO: Checking student 67e63a3d35efd4b967eb5062 (ashisp52335) with 1 encodings [in E:\face-recognition-attendance-system\face-recognition\face_recognition_server.py:243]
2025-03-31 01:37:37,354 INFO: Distance to 67e63a3d35efd4b967eb5062: 0.5377966852769205 [in E:\face-recognition-attendance-system\face-recognition\face_recognition_server.py:248]
2025-03-31 01:37:37,363 INFO: Checking student 67e63b3835efd4b967eb5095 (swarna maam) with 1 encodings [in E:\face-recognition-attendance-system\face-recognition\face_recognition_server.py:243]
2025-03-31 01:37:37,365 INFO: Distance to 67e63b3835efd4b967eb5095: 0.7170482914462964 [in E:\face-recognition-attendance-system\face-recognition\face_recognition_server.py:248]
2025-03-31 01:37:37,366 INFO: Checking student 67e8ea27bab1195884f3d3b4 (Ashu ) with 1 encodings [in E:\face-recognition-attendance-system\face-recognition\face_recognition_server.py:243]
2025-03-31 01:37:37,367 INFO: Distance to 67e8ea27bab1195884f3d3b4: 0.3542740552384857 [in E:\face-recognition-attendance-system\face-recognition\face_recognition_server.py:248]
2025-03-31 01:37:37,369 INFO: Checking student 67e8eafebab1195884f3d3e6 (OMM) with 1 encodings [in E:\face-recognition-attendance-system\face-recognition\face_recognition_server.py:243]
2025-03-31 01:37:37,377 INFO: Distance to 67e8eafebab1195884f3d3e6: 0.3602770113708705 [in E:\face-recognition-attendance-system\face-recognition\face_recognition_server.py:248]
2025-03-31 01:37:37,382 INFO: Checking student 67e8eb55bab1195884f3d40c (Shiv ) with 1 encodings [in E:\face-recognition-attendance-system\face-recognition\face_recognition_server.py:243]
2025-03-31 01:37:37,384 INFO: Distance to 67e8eb55bab1195884f3d40c: 0.4342469154102516 [in E:\face-recognition-attendance-system\face-recognition\face_recognition_server.py:248]
2025-03-31 01:37:37,385 INFO: Checking student 67e9a478f8e964c7d58af123 (SURAJ MOHANTY) with 1 encodings [in E:\face-recognition-attendance-system\face-recognition\face_recognition_server.py:243]
2025-03-31 01:37:37,389 INFO: Distance to 67e9a478f8e964c7d58af123: 0.2728830337468929 [in E:\face-recognition-attendance-system\face-recognition\face_recognition_server.py:248]
2025-03-31 01:37:37,397 INFO: Removed temporary image: uploads\temp\temp_1743365255.jpg [in E:\face-recognition-attendance-system\face-recognition\face_recognition_server.py:262]
2025-03-31 01:37:37,400 INFO: Face recognized as SURAJ MOHANTY with confidence 0.7271169662531072 [in E:\face-recognition-attendance-system\face-recognition\face_recognition_server.py:265]
2025-03-31 01:37:42,780 INFO: Status request: {'status': 'online', 'registered_students': 21, 'total_faces': 21, 'face_match_tolerance': 0.6} [in E:\face-recognition-attendance-system\face-recognition\face_recognition_server.py:354]
2025-03-31 01:37:42,819 INFO: Received recognition request [in E:\face-recognition-attendance-system\face-recognition\face_recognition_server.py:193]
2025-03-31 01:37:42,841 INFO: Saved image to uploads\temp\temp_1743365262.jpg [in E:\face-recognition-attendance-system\face-recognition\face_recognition_server.py:212]
2025-03-31 01:37:42,853 INFO: Processing image: uploads\temp\temp_1743365262.jpg [in E:\face-recognition-attendance-system\face-recognition\face_recognition_server.py:83]
2025-03-31 01:37:42,919 INFO: Image loaded, shape: (480, 640, 3) [in E:\face-recognition-attendance-system\face-recognition\face_recognition_server.py:89]
2025-03-31 01:37:44,636 INFO: Successfully extracted face encoding [in E:\face-recognition-attendance-system\face-recognition\face_recognition_server.py:113]
2025-03-31 01:37:44,637 INFO: Matching against 21 student records [in E:\face-recognition-attendance-system\face-recognition\face_recognition_server.py:241]
2025-03-31 01:37:44,638 INFO: Checking student 67d8a48a4b7fe702c9a00fb4 (swagat) with 1 encodings [in E:\face-recognition-attendance-system\face-recognition\face_recognition_server.py:243]
2025-03-31 01:37:44,640 INFO: Distance to 67d8a48a4b7fe702c9a00fb4: 0.635357154935872 [in E:\face-recognition-attendance-system\face-recognition\face_recognition_server.py:248]
2025-03-31 01:37:44,641 INFO: Checking student 67d8a4c44b7fe702c9a00fe4 (pabitra) with 1 encodings [in E:\face-recognition-attendance-system\face-recognition\face_recognition_server.py:243]
2025-03-31 01:37:44,647 INFO: Distance to 67d8a4c44b7fe702c9a00fe4: 0.6309290884070227 [in E:\face-recognition-attendance-system\face-recognition\face_recognition_server.py:248]
2025-03-31 01:37:44,651 INFO: Checking student 67d8abce4b7fe702c9a01042 (Aniket Subudhi) with 1 encodings [in E:\face-recognition-attendance-system\face-recognition\face_recognition_server.py:243]
2025-03-31 01:37:44,657 INFO: Distance to 67d8abce4b7fe702c9a01042: 0.6643105775028585 [in E:\face-recognition-attendance-system\face-recognition\face_recognition_server.py:248]
2025-03-31 01:37:44,667 INFO: Checking student 67d8ac464b7fe702c9a010d5 (pabitra) with 1 encodings [in E:\face-recognition-attendance-system\face-recognition\face_recognition_server.py:243]
2025-03-31 01:37:44,669 INFO: Distance to 67d8ac464b7fe702c9a010d5: 0.5945681211900438 [in E:\face-recognition-attendance-system\face-recognition\face_recognition_server.py:248]
2025-03-31 01:37:44,670 INFO: Checking student 67d8bd41e1e87186825776c1 (Aniket Subudhi) with 1 encodings [in E:\face-recognition-attendance-system\face-recognition\face_recognition_server.py:243]
2025-03-31 01:37:44,672 INFO: Distance to 67d8bd41e1e87186825776c1: 0.634033747533159 [in E:\face-recognition-attendance-system\face-recognition\face_recognition_server.py:248]
2025-03-31 01:37:44,673 INFO: Checking student 67d8bd59e1e87186825776c9 (pabitra) with 1 encodings [in E:\face-recognition-attendance-system\face-recognition\face_recognition_server.py:243]
2025-03-31 01:37:44,685 INFO: Distance to 67d8bd59e1e87186825776c9: 0.589134443459688 [in E:\face-recognition-attendance-system\face-recognition\face_recognition_server.py:248]
2025-03-31 01:37:44,690 INFO: Checking student 67dc326e9369f1d18cad28df (Asutosh Parida) with 1 encodings [in E:\face-recognition-attendance-system\face-recognition\face_recognition_server.py:243]
2025-03-31 01:37:44,691 INFO: Distance to 67dc326e9369f1d18cad28df: 0.307054464331105 [in E:\face-recognition-attendance-system\face-recognition\face_recognition_server.py:248]
2025-03-31 01:37:44,700 INFO: Checking student 67dc33cf583c2f36f5fe87fd (akash) with 1 encodings [in E:\face-recognition-attendance-system\face-recognition\face_recognition_server.py:243]
2025-03-31 01:37:44,702 INFO: Distance to 67dc33cf583c2f36f5fe87fd: 0.6784733022962002 [in E:\face-recognition-attendance-system\face-recognition\face_recognition_server.py:248]
2025-03-31 01:37:44,703 INFO: Checking student 67dd0fd84530f33a9ad47f78 (ananya) with 1 encodings [in E:\face-recognition-attendance-system\face-recognition\face_recognition_server.py:243]
2025-03-31 01:37:44,704 INFO: Distance to 67dd0fd84530f33a9ad47f78: 0.6835987479973914 [in E:\face-recognition-attendance-system\face-recognition\face_recognition_server.py:248]
2025-03-31 01:37:44,706 INFO: Checking student 67dd11044530f33a9ad47ff3 (suraj) with 1 encodings [in E:\face-recognition-attendance-system\face-recognition\face_recognition_server.py:243]
2025-03-31 01:37:44,708 INFO: Distance to 67dd11044530f33a9ad47ff3: 0.5955772004269745 [in E:\face-recognition-attendance-system\face-recognition\face_recognition_server.py:248]
2025-03-31 01:37:44,720 INFO: Checking student 67e01ed87b755dfa9de6765f (santosh) with 1 encodings [in E:\face-recognition-attendance-system\face-recognition\face_recognition_server.py:243]
2025-03-31 01:37:44,722 INFO: Distance to 67e01ed87b755dfa9de6765f: 0.6770558696335176 [in E:\face-recognition-attendance-system\face-recognition\face_recognition_server.py:248]
2025-03-31 01:37:44,724 INFO: Checking student 67e12ddcde6cb4f3411156e9 (Asutosh Parida) with 1 encodings [in E:\face-recognition-attendance-system\face-recognition\face_recognition_server.py:243]
2025-03-31 01:37:44,731 INFO: Distance to 67e12ddcde6cb4f3411156e9: 0.3209198096281081 [in E:\face-recognition-attendance-system\face-recognition\face_recognition_server.py:248]
2025-03-31 01:37:44,734 INFO: Checking student 67e12df9de6cb4f3411156f1 (suraj) with 1 encodings [in E:\face-recognition-attendance-system\face-recognition\face_recognition_server.py:243]
2025-03-31 01:37:44,736 INFO: Distance to 67e12df9de6cb4f3411156f1: 0.4743941491661718 [in E:\face-recognition-attendance-system\face-recognition\face_recognition_server.py:248]
2025-03-31 01:37:44,737 INFO: Checking student 67e12e3bde6cb4f34111570f (sujal) with 1 encodings [in E:\face-recognition-attendance-system\face-recognition\face_recognition_server.py:243]
2025-03-31 01:37:44,739 INFO: Distance to 67e12e3bde6cb4f34111570f: 0.5830387660438098 [in E:\face-recognition-attendance-system\face-recognition\face_recognition_server.py:248]
2025-03-31 01:37:44,740 INFO: Checking student 67e628eb35efd4b967eb4f34 (kamlesh) with 1 encodings [in E:\face-recognition-attendance-system\face-recognition\face_recognition_server.py:243]
2025-03-31 01:37:44,790 INFO: Distance to 67e628eb35efd4b967eb4f34: 0.6356531142910338 [in E:\face-recognition-attendance-system\face-recognition\face_recognition_server.py:248]
2025-03-31 01:37:44,791 INFO: Checking student 67e63a3d35efd4b967eb5062 (ashisp52335) with 1 encodings [in E:\face-recognition-attendance-system\face-recognition\face_recognition_server.py:243]
2025-03-31 01:37:44,792 INFO: Distance to 67e63a3d35efd4b967eb5062: 0.5209532922929079 [in E:\face-recognition-attendance-system\face-recognition\face_recognition_server.py:248]
2025-03-31 01:37:44,799 INFO: Checking student 67e63b3835efd4b967eb5095 (swarna maam) with 1 encodings [in E:\face-recognition-attendance-system\face-recognition\face_recognition_server.py:243]
2025-03-31 01:37:44,801 INFO: Distance to 67e63b3835efd4b967eb5095: 0.7032426391090776 [in E:\face-recognition-attendance-system\face-recognition\face_recognition_server.py:248]
2025-03-31 01:37:44,802 INFO: Checking student 67e8ea27bab1195884f3d3b4 (Ashu ) with 1 encodings [in E:\face-recognition-attendance-system\face-recognition\face_recognition_server.py:243]
2025-03-31 01:37:44,804 INFO: Distance to 67e8ea27bab1195884f3d3b4: 0.32706862962031713 [in E:\face-recognition-attendance-system\face-recognition\face_recognition_server.py:248]
2025-03-31 01:37:44,806 INFO: Checking student 67e8eafebab1195884f3d3e6 (OMM) with 1 encodings [in E:\face-recognition-attendance-system\face-recognition\face_recognition_server.py:243]
2025-03-31 01:37:44,807 INFO: Distance to 67e8eafebab1195884f3d3e6: 0.3312878028362666 [in E:\face-recognition-attendance-system\face-recognition\face_recognition_server.py:248]
2025-03-31 01:37:44,808 INFO: Checking student 67e8eb55bab1195884f3d40c (Shiv ) with 1 encodings [in E:\face-recognition-attendance-system\face-recognition\face_recognition_server.py:243]
2025-03-31 01:37:44,821 INFO: Distance to 67e8eb55bab1195884f3d40c: 0.41924742155290473 [in E:\face-recognition-attendance-system\face-recognition\face_recognition_server.py:248]
2025-03-31 01:37:44,822 INFO: Checking student 67e9a478f8e964c7d58af123 (SURAJ MOHANTY) with 1 encodings [in E:\face-recognition-attendance-system\face-recognition\face_recognition_server.py:243]
2025-03-31 01:37:44,825 INFO: Distance to 67e9a478f8e964c7d58af123: 0.24039019282193308 [in E:\face-recognition-attendance-system\face-recognition\face_recognition_server.py:248]
2025-03-31 01:37:44,834 INFO: Removed temporary image: uploads\temp\temp_1743365262.jpg [in E:\face-recognition-attendance-system\face-recognition\face_recognition_server.py:262]
2025-03-31 01:37:44,836 INFO: Face recognized as SURAJ MOHANTY with confidence 0.7596098071780669 [in E:\face-recognition-attendance-system\face-recognition\face_recognition_server.py:265]
2025-03-31 01:37:47,291 INFO: Status request: {'status': 'online', 'registered_students': 21, 'total_faces': 21, 'face_match_tolerance': 0.6} [in E:\face-recognition-attendance-system\face-recognition\face_recognition_server.py:354]
2025-03-31 01:37:47,324 INFO: Received recognition request [in E:\face-recognition-attendance-system\face-recognition\face_recognition_server.py:193]
2025-03-31 01:37:47,335 INFO: Saved image to uploads\temp\temp_1743365267.jpg [in E:\face-recognition-attendance-system\face-recognition\face_recognition_server.py:212]
2025-03-31 01:37:47,336 INFO: Processing image: uploads\temp\temp_1743365267.jpg [in E:\face-recognition-attendance-system\face-recognition\face_recognition_server.py:83]
2025-03-31 01:37:47,430 INFO: Image loaded, shape: (480, 640, 3) [in E:\face-recognition-attendance-system\face-recognition\face_recognition_server.py:89]
2025-03-31 01:37:49,342 INFO: Successfully extracted face encoding [in E:\face-recognition-attendance-system\face-recognition\face_recognition_server.py:113]
2025-03-31 01:37:49,343 INFO: Matching against 21 student records [in E:\face-recognition-attendance-system\face-recognition\face_recognition_server.py:241]
2025-03-31 01:37:49,344 INFO: Checking student 67d8a48a4b7fe702c9a00fb4 (swagat) with 1 encodings [in E:\face-recognition-attendance-system\face-recognition\face_recognition_server.py:243]
2025-03-31 01:37:49,354 INFO: Distance to 67d8a48a4b7fe702c9a00fb4: 0.6484006627587089 [in E:\face-recognition-attendance-system\face-recognition\face_recognition_server.py:248]
2025-03-31 01:37:49,356 INFO: Checking student 67d8a4c44b7fe702c9a00fe4 (pabitra) with 1 encodings [in E:\face-recognition-attendance-system\face-recognition\face_recognition_server.py:243]
2025-03-31 01:37:49,358 INFO: Distance to 67d8a4c44b7fe702c9a00fe4: 0.66047897193899 [in E:\face-recognition-attendance-system\face-recognition\face_recognition_server.py:248]
2025-03-31 01:37:49,358 INFO: Checking student 67d8abce4b7fe702c9a01042 (Aniket Subudhi) with 1 encodings [in E:\face-recognition-attendance-system\face-recognition\face_recognition_server.py:243]
2025-03-31 01:37:49,361 INFO: Distance to 67d8abce4b7fe702c9a01042: 0.6792050283804816 [in E:\face-recognition-attendance-system\face-recognition\face_recognition_server.py:248]
2025-03-31 01:37:49,369 INFO: Checking student 67d8ac464b7fe702c9a010d5 (pabitra) with 1 encodings [in E:\face-recognition-attendance-system\face-recognition\face_recognition_server.py:243]
2025-03-31 01:37:49,371 INFO: Distance to 67d8ac464b7fe702c9a010d5: 0.6451446327149073 [in E:\face-recognition-attendance-system\face-recognition\face_recognition_server.py:248]
2025-03-31 01:37:49,373 INFO: Checking student 67d8bd41e1e87186825776c1 (Aniket Subudhi) with 1 encodings [in E:\face-recognition-attendance-system\face-recognition\face_recognition_server.py:243]
2025-03-31 01:37:49,376 INFO: Distance to 67d8bd41e1e87186825776c1: 0.643665357712053 [in E:\face-recognition-attendance-system\face-recognition\face_recognition_server.py:248]
2025-03-31 01:37:49,377 INFO: Checking student 67d8bd59e1e87186825776c9 (pabitra) with 1 encodings [in E:\face-recognition-attendance-system\face-recognition\face_recognition_server.py:243]
2025-03-31 01:37:49,388 INFO: Distance to 67d8bd59e1e87186825776c9: 0.6307173621169188 [in E:\face-recognition-attendance-system\face-recognition\face_recognition_server.py:248]
2025-03-31 01:37:49,390 INFO: Checking student 67dc326e9369f1d18cad28df (Asutosh Parida) with 1 encodings [in E:\face-recognition-attendance-system\face-recognition\face_recognition_server.py:243]
2025-03-31 01:37:49,392 INFO: Distance to 67dc326e9369f1d18cad28df: 0.2925997526325007 [in E:\face-recognition-attendance-system\face-recognition\face_recognition_server.py:248]
2025-03-31 01:37:49,393 INFO: Checking student 67dc33cf583c2f36f5fe87fd (akash) with 1 encodings [in E:\face-recognition-attendance-system\face-recognition\face_recognition_server.py:243]
2025-03-31 01:37:49,400 INFO: Distance to 67dc33cf583c2f36f5fe87fd: 0.6970271106548176 [in E:\face-recognition-attendance-system\face-recognition\face_recognition_server.py:248]
2025-03-31 01:37:49,401 INFO: Checking student 67dd0fd84530f33a9ad47f78 (ananya) with 1 encodings [in E:\face-recognition-attendance-system\face-recognition\face_recognition_server.py:243]
2025-03-31 01:37:49,405 INFO: Distance to 67dd0fd84530f33a9ad47f78: 0.711498320466487 [in E:\face-recognition-attendance-system\face-recognition\face_recognition_server.py:248]
2025-03-31 01:37:49,407 INFO: Checking student 67dd11044530f33a9ad47ff3 (suraj) with 1 encodings [in E:\face-recognition-attendance-system\face-recognition\face_recognition_server.py:243]
2025-03-31 01:37:49,410 INFO: Distance to 67dd11044530f33a9ad47ff3: 0.6262103017070801 [in E:\face-recognition-attendance-system\face-recognition\face_recognition_server.py:248]
2025-03-31 01:37:49,411 INFO: Checking student 67e01ed87b755dfa9de6765f (santosh) with 1 encodings [in E:\face-recognition-attendance-system\face-recognition\face_recognition_server.py:243]
2025-03-31 01:37:49,419 INFO: Distance to 67e01ed87b755dfa9de6765f: 0.702271032775037 [in E:\face-recognition-attendance-system\face-recognition\face_recognition_server.py:248]
2025-03-31 01:37:49,421 INFO: Checking student 67e12ddcde6cb4f3411156e9 (Asutosh Parida) with 1 encodings [in E:\face-recognition-attendance-system\face-recognition\face_recognition_server.py:243]
2025-03-31 01:37:49,424 INFO: Distance to 67e12ddcde6cb4f3411156e9: 0.30392726763461947 [in E:\face-recognition-attendance-system\face-recognition\face_recognition_server.py:248]
2025-03-31 01:37:49,427 INFO: Checking student 67e12df9de6cb4f3411156f1 (suraj) with 1 encodings [in E:\face-recognition-attendance-system\face-recognition\face_recognition_server.py:243]
2025-03-31 01:37:49,438 INFO: Distance to 67e12df9de6cb4f3411156f1: 0.5267356708829186 [in E:\face-recognition-attendance-system\face-recognition\face_recognition_server.py:248]
2025-03-31 01:37:49,439 INFO: Checking student 67e12e3bde6cb4f34111570f (sujal) with 1 encodings [in E:\face-recognition-attendance-system\face-recognition\face_recognition_server.py:243]
2025-03-31 01:37:49,440 INFO: Distance to 67e12e3bde6cb4f34111570f: 0.6087693413506814 [in E:\face-recognition-attendance-system\face-recognition\face_recognition_server.py:248]
2025-03-31 01:37:49,442 INFO: Checking student 67e628eb35efd4b967eb4f34 (kamlesh) with 1 encodings [in E:\face-recognition-attendance-system\face-recognition\face_recognition_server.py:243]
2025-03-31 01:37:49,454 INFO: Distance to 67e628eb35efd4b967eb4f34: 0.6647841169597111 [in E:\face-recognition-attendance-system\face-recognition\face_recognition_server.py:248]
2025-03-31 01:37:49,456 INFO: Checking student 67e63a3d35efd4b967eb5062 (ashisp52335) with 1 encodings [in E:\face-recognition-attendance-system\face-recognition\face_recognition_server.py:243]
2025-03-31 01:37:49,458 INFO: Distance to 67e63a3d35efd4b967eb5062: 0.5503919251087788 [in E:\face-recognition-attendance-system\face-recognition\face_recognition_server.py:248]
2025-03-31 01:37:49,459 INFO: Checking student 67e63b3835efd4b967eb5095 (swarna maam) with 1 encodings [in E:\face-recognition-attendance-system\face-recognition\face_recognition_server.py:243]
2025-03-31 01:37:49,460 INFO: Distance to 67e63b3835efd4b967eb5095: 0.7305213608545207 [in E:\face-recognition-attendance-system\face-recognition\face_recognition_server.py:248]
2025-03-31 01:37:49,469 INFO: Checking student 67e8ea27bab1195884f3d3b4 (Ashu ) with 1 encodings [in E:\face-recognition-attendance-system\face-recognition\face_recognition_server.py:243]
2025-03-31 01:37:49,470 INFO: Distance to 67e8ea27bab1195884f3d3b4: 0.29283426958443215 [in E:\face-recognition-attendance-system\face-recognition\face_recognition_server.py:248]
2025-03-31 01:37:49,471 INFO: Checking student 67e8eafebab1195884f3d3e6 (OMM) with 1 encodings [in E:\face-recognition-attendance-system\face-recognition\face_recognition_server.py:243]
2025-03-31 01:37:49,474 INFO: Distance to 67e8eafebab1195884f3d3e6: 0.3260805855965635 [in E:\face-recognition-attendance-system\face-recognition\face_recognition_server.py:248]
2025-03-31 01:37:49,475 INFO: Checking student 67e8eb55bab1195884f3d40c (Shiv ) with 1 encodings [in E:\face-recognition-attendance-system\face-recognition\face_recognition_server.py:243]
2025-03-31 01:37:49,477 INFO: Distance to 67e8eb55bab1195884f3d40c: 0.3970868301560454 [in E:\face-recognition-attendance-system\face-recognition\face_recognition_server.py:248]
2025-03-31 01:37:49,488 INFO: Checking student 67e9a478f8e964c7d58af123 (SURAJ MOHANTY) with 1 encodings [in E:\face-recognition-attendance-system\face-recognition\face_recognition_server.py:243]
2025-03-31 01:37:49,490 INFO: Distance to 67e9a478f8e964c7d58af123: 0.1925632641896202 [in E:\face-recognition-attendance-system\face-recognition\face_recognition_server.py:248]
2025-03-31 01:37:49,492 INFO: Removed temporary image: uploads\temp\temp_1743365267.jpg [in E:\face-recognition-attendance-system\face-recognition\face_recognition_server.py:262]
2025-03-31 01:37:49,501 INFO: Face recognized as SURAJ MOHANTY with confidence 0.8074367358103798 [in E:\face-recognition-attendance-system\face-recognition\face_recognition_server.py:265]
